[2025-10-08 18:03:07] local.ERROR: Unclosed '[' does not match ')' {"exception":"[object] (ParseError(code: 0): Unclosed '[' does not match ')' at C:\\Users\\kashy\\ReviewManagement\\routes\\api.php:173)
[stacktrace]
#0 C:\\Users\\kashy\\ReviewManagement\\vendor\\laravel\\framework\\src\\Illuminate\\Routing\\Router.php(511): Illuminate\\Routing\\RouteFileRegistrar->register('C:\\\\Users\\\\kashy\\\\...')
#1 C:\\Users\\kashy\\ReviewManagement\\vendor\\laravel\\framework\\src\\Illuminate\\Routing\\Router.php(465): Illuminate\\Routing\\Router->loadRoutes('C:\\\\Users\\\\kashy\\\\...')
#2 C:\\Users\\kashy\\ReviewManagement\\vendor\\laravel\\framework\\src\\Illuminate\\Routing\\RouteRegistrar.php(194): Illuminate\\Routing\\Router->group(Array, 'C:\\\\Users\\\\kashy\\\\...')
#3 C:\\Users\\kashy\\ReviewManagement\\app\\Providers\\RouteServiceProvider.php(32): Illuminate\\Routing\\RouteRegistrar->group('C:\\\\Users\\\\kashy\\\\...')
#4 C:\\Users\\kashy\\ReviewManagement\\vendor\\laravel\\framework\\src\\Illuminate\\Container\\BoundMethod.php(36): App\\Providers\\RouteServiceProvider->App\\Providers\\{closure}()
#5 C:\\Users\\kashy\\ReviewManagement\\vendor\\laravel\\framework\\src\\Illuminate\\Container\\Util.php(41): Illuminate\\Container\\BoundMethod::Illuminate\\Container\\{closure}()
#6 C:\\Users\\kashy\\ReviewManagement\\vendor\\laravel\\framework\\src\\Illuminate\\Container\\BoundMethod.php(81): Illuminate\\Container\\Util::unwrapIfClosure(Object(Closure))
#7 C:\\Users\\kashy\\ReviewManagement\\vendor\\laravel\\framework\\src\\Illuminate\\Container\\BoundMethod.php(35): Illuminate\\Container\\BoundMethod::callBoundMethod(Object(Illuminate\\Foundation\\Application), Object(Closure), Object(Closure))
#8 C:\\Users\\kashy\\ReviewManagement\\vendor\\laravel\\framework\\src\\Illuminate\\Container\\Container.php(662): Illuminate\\Container\\BoundMethod::call(Object(Illuminate\\Foundation\\Application), Object(Closure), Array, NULL)
#9 C:\\Users\\kashy\\ReviewManagement\\vendor\\laravel\\framework\\src\\Illuminate\\Foundation\\Support\\Providers\\RouteServiceProvider.php(120): Illuminate\\Container\\Container->call(Object(Closure))
#10 C:\\Users\\kashy\\ReviewManagement\\vendor\\laravel\\framework\\src\\Illuminate\\Foundation\\Support\\Providers\\RouteServiceProvider.php(45): Illuminate\\Foundation\\Support\\Providers\\RouteServiceProvider->loadRoutes()
#11 C:\\Users\\kashy\\ReviewManagement\\vendor\\laravel\\framework\\src\\Illuminate\\Container\\BoundMethod.php(36): Illuminate\\Foundation\\Support\\Providers\\RouteServiceProvider->Illuminate\\Foundation\\Support\\Providers\\{closure}()
#12 C:\\Users\\kashy\\ReviewManagement\\vendor\\laravel\\framework\\src\\Illuminate\\Container\\Util.php(41): Illuminate\\Container\\BoundMethod::Illuminate\\Container\\{closure}()
#13 C:\\Users\\kashy\\ReviewManagement\\vendor\\laravel\\framework\\src\\Illuminate\\Container\\BoundMethod.php(81): Illuminate\\Container\\Util::unwrapIfClosure(Object(Closure))
#14 C:\\Users\\kashy\\ReviewManagement\\vendor\\laravel\\framework\\src\\Illuminate\\Container\\BoundMethod.php(35): Illuminate\\Container\\BoundMethod::callBoundMethod(Object(Illuminate\\Foundation\\Application), Object(Closure), Object(Closure))
#15 C:\\Users\\kashy\\ReviewManagement\\vendor\\laravel\\framework\\src\\Illuminate\\Container\\Container.php(662): Illuminate\\Container\\BoundMethod::call(Object(Illuminate\\Foundation\\Application), Object(Closure), Array, NULL)
#16 C:\\Users\\kashy\\ReviewManagement\\vendor\\laravel\\framework\\src\\Illuminate\\Support\\ServiceProvider.php(119): Illuminate\\Container\\Container->call(Object(Closure))
#17 C:\\Users\\kashy\\ReviewManagement\\vendor\\laravel\\framework\\src\\Illuminate\\Foundation\\Application.php(1062): Illuminate\\Support\\ServiceProvider->callBootedCallbacks()
#18 C:\\Users\\kashy\\ReviewManagement\\vendor\\laravel\\framework\\src\\Illuminate\\Foundation\\Application.php(1040): Illuminate\\Foundation\\Application->bootProvider(Object(App\\Providers\\RouteServiceProvider))
#19 [internal function]: Illuminate\\Foundation\\Application->Illuminate\\Foundation\\{closure}(Object(App\\Providers\\RouteServiceProvider), 31)
#20 C:\\Users\\kashy\\ReviewManagement\\vendor\\laravel\\framework\\src\\Illuminate\\Foundation\\Application.php(1039): array_walk(Array, Object(Closure))
#21 C:\\Users\\kashy\\ReviewManagement\\vendor\\laravel\\framework\\src\\Illuminate\\Foundation\\Bootstrap\\BootProviders.php(17): Illuminate\\Foundation\\Application->boot()
#22 C:\\Users\\kashy\\ReviewManagement\\vendor\\laravel\\framework\\src\\Illuminate\\Foundation\\Application.php(286): Illuminate\\Foundation\\Bootstrap\\BootProviders->bootstrap(Object(Illuminate\\Foundation\\Application))
#23 C:\\Users\\kashy\\ReviewManagement\\vendor\\laravel\\framework\\src\\Illuminate\\Foundation\\Console\\Kernel.php(447): Illuminate\\Foundation\\Application->bootstrapWith(Array)
#24 C:\\Users\\kashy\\ReviewManagement\\vendor\\laravel\\framework\\src\\Illuminate\\Foundation\\Console\\Kernel.php(199): Illuminate\\Foundation\\Console\\Kernel->bootstrap()
#25 Command line code(1): Illuminate\\Foundation\\Console\\Kernel->handle(Object(Symfony\\Component\\Console\\Input\\ArgvInput), Object(Symfony\\Component\\Console\\Output\\ConsoleOutput))
#26 {main}
"} 
[2025-10-08 18:11:40] local.ERROR: Validation failed: The name field is required. (and 5 more errors)  
[2025-10-08 18:23:17] local.ERROR: Validation failed: The name field is required. (and 5 more errors)  
[2025-10-08 18:35:12] local.ERROR: Error saving quote: SQLSTATE[22003]: Numeric value out of range: 1264 Out of range value for column 'quantity' at row 1 (Connection: mysql, SQL: insert into `quotes` (`product_id`, `customer_id`, `name`, `email`, `phone`, `quantity`, `organization`, `message`, `updated_at`, `created_at`) values (19, ?, qwertyu, qwerty@gmail.com, 1234567890, 123456789034567898, kuytrfguijhg, uutrsdtfghjijhgf, 2025-10-08 18:35:12, 2025-10-08 18:35:12))  
